Log file opened on Fri Aug  7 03:57:07 2020
Host: akya7.yonetim  pid: 151492  rank ID: 0  number of ranks:  1
                   :-) GROMACS - gmx mdrun, VERSION 5.1.4 (-:

                            GROMACS is written by:
     Emile Apol      Rossen Apostolov  Herman J.C. Berendsen    Par Bjelkmar   
 Aldert van Buuren   Rudi van Drunen     Anton Feenstra   Sebastian Fritsch 
  Gerrit Groenhof   Christoph Junghans   Anca Hamuraru    Vincent Hindriksen
 Dimitrios Karkoulis    Peter Kasson        Jiri Kraus      Carsten Kutzner  
    Per Larsson      Justin A. Lemkul   Magnus Lundborg   Pieter Meulenhoff 
   Erik Marklund      Teemu Murtola       Szilard Pall       Sander Pronk   
   Roland Schulz     Alexey Shvetsov     Michael Shirts     Alfons Sijbers  
   Peter Tieleman    Teemu Virolainen  Christian Wennberg    Maarten Wolf   
                           and the project leaders:
        Mark Abraham, Berk Hess, Erik Lindahl, and David van der Spoel

Copyright (c) 1991-2000, University of Groningen, The Netherlands.
Copyright (c) 2001-2015, The GROMACS development team at
Uppsala University, Stockholm University and
the Royal Institute of Technology, Sweden.
check out http://www.gromacs.org for more information.

GROMACS is free software; you can redistribute it and/or modify it
under the terms of the GNU Lesser General Public License
as published by the Free Software Foundation; either version 2.1
of the License, or (at your option) any later version.

GROMACS:      gmx mdrun, VERSION 5.1.4
Executable:   /truba/sw/centos7.3/app/gromacs/5.1.4-openmpi-1.8.8-gcc-4.8.5-E5V3-cuda-7.5//bin/gmx_mpi
Data prefix:  /truba/sw/centos7.3/app/gromacs/5.1.4-openmpi-1.8.8-gcc-4.8.5-E5V3-cuda-7.5/
Command line:
  gmx_mpi mdrun -v -deffnm complex_md -pin on

GROMACS version:    VERSION 5.1.4
Precision:          single
Memory model:       64 bit
MPI library:        MPI
OpenMP support:     enabled (GMX_OPENMP_MAX_THREADS = 32)
GPU support:        enabled
OpenCL support:     disabled
invsqrt routine:    gmx_software_invsqrt(x)
SIMD instructions:  AVX2_256
FFT library:        fftw-3.3.4-sse2-avx
RDTSCP usage:       enabled
C++11 compilation:  disabled
TNG support:        enabled
Tracing support:    disabled
Built on:           Fri Dec 22 11:13:13 +03 2017
Built by:           root@levrek129.yonetim [CMAKE]
Build OS/arch:      Linux 3.10.0-514.6.1.el7.x86_64 x86_64
Build CPU vendor:   GenuineIntel
Build CPU brand:    Intel(R) Xeon(R) CPU E5-2680 v3 @ 2.50GHz
Build CPU family:   6   Model: 63   Stepping: 2
Build CPU features: aes apic avx avx2 clfsh cmov cx8 cx16 f16c fma htt lahf_lm mmx msr nonstop_tsc pcid pclmuldq pdcm pdpe1gb popcnt pse rdrnd rdtscp sse2 sse3 sse4.1 sse4.2 ssse3 tdt x2apic
C compiler:         /truba/sw/centos7.3/lib/openmpi/1.8.8-gcc-4.8.5/bin/mpicc GNU 4.8.5
C compiler flags:    -march=core-avx2    -Wextra -Wno-missing-field-initializers -Wno-sign-compare -Wpointer-arith -Wall -Wno-unused -Wunused-value -Wunused-parameter  -O3 -DNDEBUG -funroll-all-loops -fexcess-precision=fast  -Wno-array-bounds 
C++ compiler:       /truba/sw/centos7.3/lib/openmpi/1.8.8-gcc-4.8.5/bin/mpic++ GNU 4.8.5
C++ compiler flags:  -march=core-avx2    -Wextra -Wno-missing-field-initializers -Wpointer-arith -Wall -Wno-unused-function  -O3 -DNDEBUG -funroll-all-loops -fexcess-precision=fast  -Wno-array-bounds 
Boost version:      1.53.0 (external)
CUDA compiler:      /truba/sw/centos7.3/lib/cuda/7.5/bin/nvcc nvcc: NVIDIA (R) Cuda compiler driver;Copyright (c) 2005-2015 NVIDIA Corporation;Built on Tue_Aug_11_14:27:32_CDT_2015;Cuda compilation tools, release 7.5, V7.5.17
CUDA compiler flags:-gencode;arch=compute_20,code=sm_20;-gencode;arch=compute_30,code=sm_30;-gencode;arch=compute_35,code=sm_35;-gencode;arch=compute_37,code=sm_37;-gencode;arch=compute_50,code=sm_50;-gencode;arch=compute_52,code=sm_52;-gencode;arch=compute_52,code=compute_52;-use_fast_math;; ;-march=core-avx2;-Wextra;-Wno-missing-field-initializers;-Wpointer-arith;-Wall;-Wno-unused-function;-O3;-DNDEBUG;-funroll-all-loops;-fexcess-precision=fast;-Wno-array-bounds;
CUDA driver:        10.0
CUDA runtime:       7.50


Running on 1 node with total 40 cores, 40 logical cores, 1 compatible GPU
Hardware detected on host akya7.yonetim (the node of MPI rank 0):
  CPU info:
    Vendor: GenuineIntel
    Brand:  Intel(R) Xeon(R) Gold 6148 CPU @ 2.40GHz
    Family:  6  model: 85  stepping:  4
    CPU features: aes apic avx avx2 avx512f avx512cd clfsh cmov cx8 cx16 f16c fma htt lahf_lm mmx msr nonstop_tsc pcid pclmuldq pdcm pdpe1gb popcnt pse rdrnd rdtscp sse2 sse3 sse4.1 sse4.2 ssse3 tdt x2apic
    SIMD instructions most likely to fit this hardware: AVX2_256
    SIMD instructions selected at GROMACS compile time: AVX2_256
  GPU info:
    Number of GPUs detected: 1
    #0: NVIDIA Tesla V100-SXM2-16GB, compute cap.: 7.0, ECC: yes, stat: compatible


++++ PLEASE READ AND CITE THE FOLLOWING REFERENCE ++++
M. J. Abraham, T. Murtola, R. Schulz, S. Páll, J. C. Smith, B. Hess, E.
Lindahl
GROMACS: High performance molecular simulations through multi-level
parallelism from laptops to supercomputers
SoftwareX 1 (2015) pp. 19-25
-------- -------- --- Thank You --- -------- --------


++++ PLEASE READ AND CITE THE FOLLOWING REFERENCE ++++
S. Páll, M. J. Abraham, C. Kutzner, B. Hess, E. Lindahl
Tackling Exascale Software Challenges in Molecular Dynamics Simulations with
GROMACS
In S. Markidis & E. Laure (Eds.), Solving Software Challenges for Exascale 8759 (2015) pp. 3-27
-------- -------- --- Thank You --- -------- --------


++++ PLEASE READ AND CITE THE FOLLOWING REFERENCE ++++
S. Pronk, S. Páll, R. Schulz, P. Larsson, P. Bjelkmar, R. Apostolov, M. R.
Shirts, J. C. Smith, P. M. Kasson, D. van der Spoel, B. Hess, and E. Lindahl
GROMACS 4.5: a high-throughput and highly parallel open source molecular
simulation toolkit
Bioinformatics 29 (2013) pp. 845-54
-------- -------- --- Thank You --- -------- --------


++++ PLEASE READ AND CITE THE FOLLOWING REFERENCE ++++
B. Hess and C. Kutzner and D. van der Spoel and E. Lindahl
GROMACS 4: Algorithms for highly efficient, load-balanced, and scalable
molecular simulation
J. Chem. Theory Comput. 4 (2008) pp. 435-447
-------- -------- --- Thank You --- -------- --------


++++ PLEASE READ AND CITE THE FOLLOWING REFERENCE ++++
D. van der Spoel, E. Lindahl, B. Hess, G. Groenhof, A. E. Mark and H. J. C.
Berendsen
GROMACS: Fast, Flexible and Free
J. Comp. Chem. 26 (2005) pp. 1701-1719
-------- -------- --- Thank You --- -------- --------


++++ PLEASE READ AND CITE THE FOLLOWING REFERENCE ++++
E. Lindahl and B. Hess and D. van der Spoel
GROMACS 3.0: A package for molecular simulation and trajectory analysis
J. Mol. Mod. 7 (2001) pp. 306-317
-------- -------- --- Thank You --- -------- --------


++++ PLEASE READ AND CITE THE FOLLOWING REFERENCE ++++
H. J. C. Berendsen, D. van der Spoel and R. van Drunen
GROMACS: A message-passing parallel molecular dynamics implementation
Comp. Phys. Comm. 91 (1995) pp. 43-56
-------- -------- --- Thank You --- -------- --------


For optimal performance with a GPU nstlist (now 10) should be larger.
The optimum depends on your CPU and GPU resources.
You might want to try several nstlist values.
Changing nstlist from 10 to 40, rlist from 1.2 to 1.283

Input Parameters:
   integrator                     = md
   tinit                          = 0
   dt                             = 0.002
   nsteps                         = 500000
   init-step                      = 0
   simulation-part                = 1
   comm-mode                      = Linear
   nstcomm                        = 100
   bd-fric                        = 0
   ld-seed                        = 1154004241
   emtol                          = 10
   emstep                         = 0.01
   niter                          = 20
   fcstep                         = 0
   nstcgsteep                     = 1000
   nbfgscorr                      = 10
   rtpi                           = 0.05
   nstxout                        = 250000
   nstvout                        = 250000
   nstfout                        = 0
   nstlog                         = 5000
   nstcalcenergy                  = 100
   nstenergy                      = 5000
   nstxout-compressed             = 5000
   compressed-x-precision         = 1000
   cutoff-scheme                  = Verlet
   nstlist                        = 40
   ns-type                        = Grid
   pbc                            = xyz
   periodic-molecules             = FALSE
   verlet-buffer-tolerance        = 0.005
   rlist                          = 1.283
   rlistlong                      = 1.283
   nstcalclr                      = 10
   coulombtype                    = PME
   coulomb-modifier               = Potential-shift
   rcoulomb-switch                = 0
   rcoulomb                       = 1.2
   epsilon-r                      = 1
   epsilon-rf                     = inf
   vdw-type                       = Cut-off
   vdw-modifier                   = Force-switch
   rvdw-switch                    = 1
   rvdw                           = 1.2
   DispCorr                       = No
   table-extension                = 1
   fourierspacing                 = 0.12
   fourier-nx                     = 108
   fourier-ny                     = 108
   fourier-nz                     = 108
   pme-order                      = 4
   ewald-rtol                     = 1e-05
   ewald-rtol-lj                  = 0.001
   lj-pme-comb-rule               = Geometric
   ewald-geometry                 = 0
   epsilon-surface                = 0
   implicit-solvent               = No
   gb-algorithm                   = Still
   nstgbradii                     = 1
   rgbradii                       = 1
   gb-epsilon-solvent             = 80
   gb-saltconc                    = 0
   gb-obc-alpha                   = 1
   gb-obc-beta                    = 0.8
   gb-obc-gamma                   = 4.85
   gb-dielectric-offset           = 0.009
   sa-algorithm                   = Ace-approximation
   sa-surface-tension             = 2.05016
   tcoupl                         = V-rescale
   nsttcouple                     = 10
   nh-chain-length                = 0
   print-nose-hoover-chain-variables = FALSE
   pcoupl                         = Parrinello-Rahman
   pcoupltype                     = Isotropic
   nstpcouple                     = 10
   tau-p                          = 0.5
   compressibility (3x3):
      compressibility[    0]={ 4.50000e-05,  0.00000e+00,  0.00000e+00}
      compressibility[    1]={ 0.00000e+00,  4.50000e-05,  0.00000e+00}
      compressibility[    2]={ 0.00000e+00,  0.00000e+00,  4.50000e-05}
   ref-p (3x3):
      ref-p[    0]={ 1.00000e+00,  0.00000e+00,  0.00000e+00}
      ref-p[    1]={ 0.00000e+00,  1.00000e+00,  0.00000e+00}
      ref-p[    2]={ 0.00000e+00,  0.00000e+00,  1.00000e+00}
   refcoord-scaling               = COM
   posres-com (3):
      posres-com[0]= 0.00000e+00
      posres-com[1]= 0.00000e+00
      posres-com[2]= 0.00000e+00
   posres-comB (3):
      posres-comB[0]= 0.00000e+00
      posres-comB[1]= 0.00000e+00
      posres-comB[2]= 0.00000e+00
   QMMM                           = FALSE
   QMconstraints                  = 0
   QMMMscheme                     = 0
   MMChargeScaleFactor            = 1
qm-opts:
   ngQM                           = 0
   constraint-algorithm           = Lincs
   continuation                   = TRUE
   Shake-SOR                      = FALSE
   shake-tol                      = 0.0001
   lincs-order                    = 4
   lincs-iter                     = 1
   lincs-warnangle                = 30
   nwall                          = 0
   wall-type                      = 9-3
   wall-r-linpot                  = -1
   wall-atomtype[0]               = -1
   wall-atomtype[1]               = -1
   wall-density[0]                = 0
   wall-density[1]                = 0
   wall-ewald-zfac                = 3
   pull                           = FALSE
   rotation                       = FALSE
   interactiveMD                  = FALSE
   disre                          = No
   disre-weighting                = Conservative
   disre-mixed                    = FALSE
   dr-fc                          = 1000
   dr-tau                         = 0
   nstdisreout                    = 100
   orire-fc                       = 0
   orire-tau                      = 0
   nstorireout                    = 100
   free-energy                    = no
   cos-acceleration               = 0
   deform (3x3):
      deform[    0]={ 0.00000e+00,  0.00000e+00,  0.00000e+00}
      deform[    1]={ 0.00000e+00,  0.00000e+00,  0.00000e+00}
      deform[    2]={ 0.00000e+00,  0.00000e+00,  0.00000e+00}
   simulated-tempering            = FALSE
   E-x:
      n = 0
   E-xt:
      n = 0
   E-y:
      n = 0
   E-yt:
      n = 0
   E-z:
      n = 0
   E-zt:
      n = 0
   swapcoords                     = no
   adress                         = FALSE
   userint1                       = 0
   userint2                       = 0
   userint3                       = 0
   userint4                       = 0
   userreal1                      = 0
   userreal2                      = 0
   userreal3                      = 0
   userreal4                      = 0
grpopts:
   nrdf:     17228.8      284685
   ref-t:         310         310
   tau-t:         0.1         0.1
annealing:          No          No
annealing-npoints:           0           0
   acc:	           0           0           0
   nfreeze:           N           N           N
   energygrp-flags[  0]: 0 0
   energygrp-flags[  1]: 0 0

Using 1 MPI process
Using 20 OpenMP threads 

1 compatible GPU is present, with ID 0
1 GPU auto-selected for this run.
Mapping of GPU ID to the 1 PP rank in this node: 0

Will do PME sum in reciprocal space for electrostatic interactions.

++++ PLEASE READ AND CITE THE FOLLOWING REFERENCE ++++
U. Essmann, L. Perera, M. L. Berkowitz, T. Darden, H. Lee and L. G. Pedersen 
A smooth particle mesh Ewald method
J. Chem. Phys. 103 (1995) pp. 8577-8592
-------- -------- --- Thank You --- -------- --------

Will do ordinary reciprocal space Ewald sum.
Using a Gaussian width (1/beta) of 0.384195 nm for Ewald
Cut-off's:   NS: 1.283   Coulomb: 1.2   LJ: 1.2
System total charge: 0.000
Generated table with 1141 data points for Ewald.
Tabscale = 500 points/nm
Generated table with 1141 data points for LJ6Shift.
Tabscale = 500 points/nm
Generated table with 1141 data points for LJ12Shift.
Tabscale = 500 points/nm
Generated table with 1141 data points for 1-4 COUL.
Tabscale = 500 points/nm
Generated table with 1141 data points for 1-4 LJ6.
Tabscale = 500 points/nm
Generated table with 1141 data points for 1-4 LJ12.
Tabscale = 500 points/nm
Potential shift: LJ r^-12: -2.648e-01 r^-6: -5.349e-01, Ewald -1.000e-05
Initialized non-bonded Ewald correction tables, spacing: 1.02e-03 size: 1176


NOTE: GROMACS was configured without NVML support hence it can not exploit
      application clocks of the detected Tesla V100-SXM2-16GB GPU to improve performance.
      Recompile with the NVML library (compatible with the driver used) or set application clocks manually.


Using GPU 8x8 non-bonded kernels


NOTE: With GPUs, reporting energy group contributions is not supported

Pinning threads with an auto-selected logical core stride of 1

Initializing LINear Constraint Solver

++++ PLEASE READ AND CITE THE FOLLOWING REFERENCE ++++
B. Hess and H. Bekker and H. J. C. Berendsen and J. G. E. M. Fraaije
LINCS: A Linear Constraint Solver for molecular simulations
J. Comp. Chem. 18 (1997) pp. 1463-1472
-------- -------- --- Thank You --- -------- --------

The number of constraints is 8850

++++ PLEASE READ AND CITE THE FOLLOWING REFERENCE ++++
S. Miyamoto and P. A. Kollman
SETTLE: An Analytical Version of the SHAKE and RATTLE Algorithms for Rigid
Water Models
J. Comp. Chem. 13 (1992) pp. 952-962
-------- -------- --- Thank You --- -------- --------

Center of mass motion removal mode is Linear
We have the following groups for center of mass motion removal:
  0:  rest

++++ PLEASE READ AND CITE THE FOLLOWING REFERENCE ++++
G. Bussi, D. Donadio and M. Parrinello
Canonical sampling through velocity rescaling
J. Chem. Phys. 126 (2007) pp. 014101
-------- -------- --- Thank You --- -------- --------

There are: 150891 Atoms
Initial temperature: 309.251 K

Started mdrun on rank 0 Fri Aug  7 03:57:10 2020
           Step           Time         Lambda
              0        0.00000        0.00000

   Energies (kJ/mol)
          Angle    Proper Dih. Ryckaert-Bell.  Improper Dih.          LJ-14
    1.90293e+04    2.76845e+04    8.98111e+01    1.05489e+03    9.63676e+03
     Coulomb-14        LJ (SR)   Coulomb (SR)   Coul. recip.      Potential
    6.66417e+04    2.73744e+05   -2.46738e+06    7.97222e+03   -2.06153e+06
    Kinetic En.   Total Energy    Temperature Pressure (bar)   Constr. rmsd
    3.89936e+05   -1.67159e+06    3.10674e+02   -7.68317e+00    2.97236e-05

step   80: timed with pme grid 108 108 108, coulomb cutoff 1.200: 569.5 M-cycles
step  160: timed with pme grid 100 100 100, coulomb cutoff 1.296: 508.9 M-cycles
step  240: timed with pme grid 84 84 84, coulomb cutoff 1.542: 458.9 M-cycles
step  320: timed with pme grid 72 72 72, coulomb cutoff 1.800: 485.0 M-cycles
step  400: timed with pme grid 64 64 64, coulomb cutoff 2.024: 572.4 M-cycles
step  480: timed with pme grid 72 72 72, coulomb cutoff 1.800: 476.3 M-cycles
step  560: timed with pme grid 80 80 80, coulomb cutoff 1.620: 427.1 M-cycles
step  640: timed with pme grid 84 84 84, coulomb cutoff 1.542: 443.9 M-cycles
step  720: timed with pme grid 96 96 96, coulomb cutoff 1.350: 475.6 M-cycles
step  800: timed with pme grid 100 100 100, coulomb cutoff 1.296: 505.9 M-cycles
step  880: timed with pme grid 104 104 104, coulomb cutoff 1.246: 527.1 M-cycles
step  960: timed with pme grid 72 72 72, coulomb cutoff 1.800: 476.2 M-cycles
step 1040: timed with pme grid 80 80 80, coulomb cutoff 1.620: 433.6 M-cycles
step 1120: timed with pme grid 84 84 84, coulomb cutoff 1.542: 440.6 M-cycles
step 1200: timed with pme grid 96 96 96, coulomb cutoff 1.350: 475.2 M-cycles
              optimal pme grid 80 80 80, coulomb cutoff 1.620
           Step           Time         Lambda
           5000       10.00000        0.00000

   Energies (kJ/mol)
          Angle    Proper Dih. Ryckaert-Bell.  Improper Dih.          LJ-14
    1.89602e+04    2.74981e+04    1.03871e+02    1.06761e+03    9.50503e+03
     Coulomb-14        LJ (SR)   Coulomb (SR)   Coul. recip.      Potential
    6.64807e+04    2.73482e+05   -2.46007e+06    2.97913e+03   -2.06000e+06
    Kinetic En.   Total Energy    Temperature Pressure (bar)   Constr. rmsd
    3.88030e+05   -1.67197e+06    3.09156e+02   -9.87711e+01    2.88280e-05

           Step           Time         Lambda
          10000       20.00000        0.00000

   Energies (kJ/mol)
          Angle    Proper Dih. Ryckaert-Bell.  Improper Dih.          LJ-14
    1.91296e+04    2.76687e+04    8.50235e+01    1.00659e+03    9.51357e+03
     Coulomb-14        LJ (SR)   Coulomb (SR)   Coul. recip.      Potential
    6.68259e+04    2.74417e+05   -2.45904e+06    2.90873e+03   -2.05748e+06
    Kinetic En.   Total Energy    Temperature Pressure (bar)   Constr. rmsd
    3.88104e+05   -1.66938e+06    3.09215e+02    3.77960e+01    2.75500e-05

           Step           Time         Lambda
          15000       30.00000        0.00000

   Energies (kJ/mol)
          Angle    Proper Dih. Ryckaert-Bell.  Improper Dih.          LJ-14
    1.88417e+04    2.76862e+04    9.73237e+01    1.00666e+03    9.54457e+03
     Coulomb-14        LJ (SR)   Coulomb (SR)   Coul. recip.      Potential
    6.64065e+04    2.75362e+05   -2.46261e+06    2.94833e+03   -2.06071e+06
    Kinetic En.   Total Energy    Temperature Pressure (bar)   Constr. rmsd
    3.89923e+05   -1.67079e+06    3.10665e+02    3.38318e+01    2.78442e-05

           Step           Time         Lambda
          20000       40.00000        0.00000

   Energies (kJ/mol)
          Angle    Proper Dih. Ryckaert-Bell.  Improper Dih.          LJ-14
    1.91002e+04    2.75889e+04    9.82337e+01    9.90669e+02    9.49214e+03
     Coulomb-14        LJ (SR)   Coulomb (SR)   Coul. recip.      Potential
    6.64598e+04    2.73597e+05   -2.45885e+06    2.91719e+03   -2.05861e+06
    Kinetic En.   Total Energy    Temperature Pressure (bar)   Constr. rmsd
    3.89249e+05   -1.66936e+06    3.10128e+02   -1.45150e+01    2.82755e-05

           Step           Time         Lambda
          25000       50.00000        0.00000

   Energies (kJ/mol)
          Angle    Proper Dih. Ryckaert-Bell.  Improper Dih.          LJ-14
    1.90066e+04    2.76449e+04    9.31645e+01    1.04655e+03    9.43299e+03
     Coulomb-14        LJ (SR)   Coulomb (SR)   Coul. recip.      Potential
    6.65143e+04    2.74236e+05   -2.46055e+06    2.89426e+03   -2.05968e+06
    Kinetic En.   Total Energy    Temperature Pressure (bar)   Constr. rmsd
    3.87892e+05   -1.67179e+06    3.09046e+02   -2.26248e+01    2.84950e-05

           Step           Time         Lambda
          30000       60.00000        0.00000

   Energies (kJ/mol)
          Angle    Proper Dih. Ryckaert-Bell.  Improper Dih.          LJ-14
    1.90088e+04    2.76164e+04    9.11896e+01    1.00724e+03    9.52142e+03
     Coulomb-14        LJ (SR)   Coulomb (SR)   Coul. recip.      Potential
    6.67696e+04    2.73507e+05   -2.45920e+06    2.86039e+03   -2.05881e+06
    Kinetic En.   Total Energy    Temperature Pressure (bar)   Constr. rmsd
    3.88168e+05   -1.67064e+06    3.09266e+02   -3.84597e+01    2.76845e-05

           Step           Time         Lambda
          35000       70.00000        0.00000

   Energies (kJ/mol)
          Angle    Proper Dih. Ryckaert-Bell.  Improper Dih.          LJ-14
    1.88963e+04    2.75424e+04    1.00861e+02    1.05200e+03    9.57347e+03
     Coulomb-14        LJ (SR)   Coulomb (SR)   Coul. recip.      Potential
    6.67054e+04    2.78492e+05   -2.46852e+06    2.95223e+03   -2.06320e+06
    Kinetic En.   Total Energy    Temperature Pressure (bar)   Constr. rmsd
    3.89423e+05   -1.67378e+06    3.10266e+02    1.05549e+02    2.74251e-05

           Step           Time         Lambda
          40000       80.00000        0.00000

   Energies (kJ/mol)
          Angle    Proper Dih. Ryckaert-Bell.  Improper Dih.          LJ-14
    1.85709e+04    2.75241e+04    8.71098e+01    1.01849e+03    9.48675e+03
     Coulomb-14        LJ (SR)   Coulomb (SR)   Coul. recip.      Potential
    6.69998e+04    2.77932e+05   -2.46939e+06    2.93292e+03   -2.06484e+06
    Kinetic En.   Total Energy    Temperature Pressure (bar)   Constr. rmsd
    3.86949e+05   -1.67789e+06    3.08295e+02    5.79873e+01    2.80119e-05

           Step           Time         Lambda
          45000       90.00000        0.00000

   Energies (kJ/mol)
          Angle    Proper Dih. Ryckaert-Bell.  Improper Dih.          LJ-14
    1.88518e+04    2.75204e+04    1.00067e+02    1.04598e+03    9.53169e+03
     Coulomb-14        LJ (SR)   Coulomb (SR)   Coul. recip.      Potential
    6.64600e+04    2.76639e+05   -2.46489e+06    2.93474e+03   -2.06181e+06
    Kinetic En.   Total Energy    Temperature Pressure (bar)   Constr. rmsd
    3.86848e+05   -1.67496e+06    3.08215e+02    9.12971e+01    2.71650e-05

           Step           Time         Lambda
          50000      100.00000        0.00000

   Energies (kJ/mol)
          Angle    Proper Dih. Ryckaert-Bell.  Improper Dih.          LJ-14
    1.88361e+04    2.75019e+04    9.32870e+01    1.09327e+03    9.48135e+03
     Coulomb-14        LJ (SR)   Coulomb (SR)   Coul. recip.      Potential
    6.65422e+04    2.71364e+05   -2.46005e+06    2.96041e+03   -2.06218e+06
    Kinetic En.   Total Energy    Temperature Pressure (bar)   Constr. rmsd
    3.88715e+05   -1.67346e+06    3.09702e+02   -1.38101e+02    2.74471e-05

           Step           Time         Lambda
          55000      110.00000        0.00000

   Energies (kJ/mol)
          Angle    Proper Dih. Ryckaert-Bell.  Improper Dih.          LJ-14
    1.92746e+04    2.76091e+04    9.15640e+01    1.09492e+03    9.52342e+03
     Coulomb-14        LJ (SR)   Coulomb (SR)   Coul. recip.      Potential
    6.65646e+04    2.73665e+05   -2.46088e+06    2.84966e+03   -2.06020e+06
    Kinetic En.   Total Energy    Temperature Pressure (bar)   Constr. rmsd
    3.89275e+05   -1.67093e+06    3.10148e+02   -3.18906e+01    2.76634e-05

           Step           Time         Lambda
          60000      120.00000        0.00000

   Energies (kJ/mol)
          Angle    Proper Dih. Ryckaert-Bell.  Improper Dih.          LJ-14
    1.87044e+04    2.74732e+04    9.93106e+01    9.74793e+02    9.48072e+03
     Coulomb-14        LJ (SR)   Coulomb (SR)   Coul. recip.      Potential
    6.67400e+04    2.76017e+05   -2.46587e+06    2.94152e+03   -2.06344e+06
    Kinetic En.   Total Energy    Temperature Pressure (bar)   Constr. rmsd
    3.86755e+05   -1.67668e+06    3.08140e+02    1.11018e+01    2.73178e-05

           Step           Time         Lambda
          65000      130.00000        0.00000

   Energies (kJ/mol)
          Angle    Proper Dih. Ryckaert-Bell.  Improper Dih.          LJ-14
    1.90888e+04    2.73363e+04    9.74122e+01    9.96462e+02    9.46582e+03
     Coulomb-14        LJ (SR)   Coulomb (SR)   Coul. recip.      Potential
    6.61416e+04    2.75573e+05   -2.46146e+06    3.05409e+03   -2.05971e+06
    Kinetic En.   Total Energy    Temperature Pressure (bar)   Constr. rmsd
    3.89838e+05   -1.66987e+06    3.10597e+02   -1.06140e+01    2.91738e-05

           Step           Time         Lambda
          70000      140.00000        0.00000

   Energies (kJ/mol)
          Angle    Proper Dih. Ryckaert-Bell.  Improper Dih.          LJ-14
    1.94010e+04    2.74725e+04    1.15704e+02    1.03479e+03    9.52362e+03
     Coulomb-14        LJ (SR)   Coulomb (SR)   Coul. recip.      Potential
    6.63588e+04    2.76396e+05   -2.46169e+06    2.88179e+03   -2.05851e+06
    Kinetic En.   Total Energy    Temperature Pressure (bar)   Constr. rmsd
    3.91916e+05   -1.66659e+06    3.12252e+02    5.17802e+01    2.89607e-05

           Step           Time         Lambda
          75000      150.00000        0.00000

   Energies (kJ/mol)
          Angle    Proper Dih. Ryckaert-Bell.  Improper Dih.          LJ-14
    1.90400e+04    2.75547e+04    9.78331e+01    1.09241e+03    9.50745e+03
     Coulomb-14        LJ (SR)   Coulomb (SR)   Coul. recip.      Potential
    6.66042e+04    2.73913e+05   -2.45753e+06    2.90791e+03   -2.05681e+06
    Kinetic En.   Total Energy    Temperature Pressure (bar)   Constr. rmsd
    3.88435e+05   -1.66837e+06    3.09479e+02   -6.73855e+00    2.78816e-05

           Step           Time         Lambda
          80000      160.00000        0.00000

   Energies (kJ/mol)
          Angle    Proper Dih. Ryckaert-Bell.  Improper Dih.          LJ-14
    1.93472e+04    2.74799e+04    9.76993e+01    1.04859e+03    9.60367e+03
     Coulomb-14        LJ (SR)   Coulomb (SR)   Coul. recip.      Potential
    6.63492e+04    2.73391e+05   -2.45997e+06    2.94921e+03   -2.05970e+06
    Kinetic En.   Total Energy    Temperature Pressure (bar)   Constr. rmsd
    3.89881e+05   -1.66982e+06    3.10631e+02   -2.45044e+01    2.76262e-05

           Step           Time         Lambda
          85000      170.00000        0.00000

   Energies (kJ/mol)
          Angle    Proper Dih. Ryckaert-Bell.  Improper Dih.          LJ-14
    1.91223e+04    2.73107e+04    9.46191e+01    1.05712e+03    9.52989e+03
     Coulomb-14        LJ (SR)   Coulomb (SR)   Coul. recip.      Potential
    6.58829e+04    2.75490e+05   -2.46379e+06    2.93639e+03   -2.06237e+06
    Kinetic En.   Total Energy    Temperature Pressure (bar)   Constr. rmsd
    3.89050e+05   -1.67332e+06    3.09969e+02    3.50300e+01    2.74271e-05

           Step           Time         Lambda
          90000      180.00000        0.00000

   Energies (kJ/mol)
          Angle    Proper Dih. Ryckaert-Bell.  Improper Dih.          LJ-14
    1.93103e+04    2.76223e+04    1.03505e+02    9.71428e+02    9.59311e+03
     Coulomb-14        LJ (SR)   Coulomb (SR)   Coul. recip.      Potential
    6.61301e+04    2.75396e+05   -2.46209e+06    2.89923e+03   -2.06006e+06
    Kinetic En.   Total Energy    Temperature Pressure (bar)   Constr. rmsd
    3.91841e+05   -1.66822e+06    3.12192e+02    5.40693e+01    2.79644e-05

           Step           Time         Lambda
          95000      190.00000        0.00000

   Energies (kJ/mol)
          Angle    Proper Dih. Ryckaert-Bell.  Improper Dih.          LJ-14
    1.92690e+04    2.72042e+04    1.00074e+02    1.07098e+03    9.44500e+03
     Coulomb-14        LJ (SR)   Coulomb (SR)   Coul. recip.      Potential
    6.56900e+04    2.74981e+05   -2.46262e+06    2.83555e+03   -2.06202e+06
    Kinetic En.   Total Energy    Temperature Pressure (bar)   Constr. rmsd
    3.89556e+05   -1.67246e+06    3.10372e+02   -2.36929e+01    2.88739e-05

           Step           Time         Lambda
         100000      200.00000        0.00000

   Energies (kJ/mol)
          Angle    Proper Dih. Ryckaert-Bell.  Improper Dih.          LJ-14
    1.90408e+04    2.73479e+04    9.69983e+01    1.08262e+03    9.46240e+03
     Coulomb-14        LJ (SR)   Coulomb (SR)   Coul. recip.      Potential
    6.58047e+04    2.74254e+05   -2.46234e+06    2.93292e+03   -2.06232e+06
    Kinetic En.   Total Energy    Temperature Pressure (bar)   Constr. rmsd
    3.86243e+05   -1.67608e+06    3.07732e+02   -1.32623e+01    2.77334e-05

           Step           Time         Lambda
         105000      210.00000        0.00000

   Energies (kJ/mol)
          Angle    Proper Dih. Ryckaert-Bell.  Improper Dih.          LJ-14
    1.90348e+04    2.77427e+04    9.66110e+01    1.12572e+03    9.37153e+03
     Coulomb-14        LJ (SR)   Coulomb (SR)   Coul. recip.      Potential
    6.57293e+04    2.75301e+05   -2.45979e+06    2.89889e+03   -2.05849e+06
    Kinetic En.   Total Energy    Temperature Pressure (bar)   Constr. rmsd
    3.87829e+05   -1.67066e+06    3.08996e+02   -2.81234e+01    2.92733e-05

           Step           Time         Lambda
         110000      220.00000        0.00000

   Energies (kJ/mol)
          Angle    Proper Dih. Ryckaert-Bell.  Improper Dih.          LJ-14
    1.90145e+04    2.74606e+04    9.27142e+01    1.00275e+03    9.37803e+03
     Coulomb-14        LJ (SR)   Coulomb (SR)   Coul. recip.      Potential
    6.60173e+04    2.73886e+05   -2.46049e+06    3.01327e+03   -2.06063e+06
    Kinetic En.   Total Energy    Temperature Pressure (bar)   Constr. rmsd
    3.89194e+05   -1.67143e+06    3.10083e+02   -5.52549e+01    2.75107e-05

           Step           Time         Lambda
         115000      230.00000        0.00000

   Energies (kJ/mol)
          Angle    Proper Dih. Ryckaert-Bell.  Improper Dih.          LJ-14
    1.93346e+04    2.74109e+04    9.23760e+01    1.04859e+03    9.50484e+03
     Coulomb-14        LJ (SR)   Coulomb (SR)   Coul. recip.      Potential
    6.58363e+04    2.72319e+05   -2.45713e+06    3.00589e+03   -2.05858e+06
    Kinetic En.   Total Energy    Temperature Pressure (bar)   Constr. rmsd
    3.88022e+05   -1.67056e+06    3.09150e+02   -4.94515e+01    2.70756e-05

           Step           Time         Lambda
         120000      240.00000        0.00000

   Energies (kJ/mol)
          Angle    Proper Dih. Ryckaert-Bell.  Improper Dih.          LJ-14
    1.95321e+04    2.72445e+04    8.62347e+01    1.06367e+03    9.60640e+03
     Coulomb-14        LJ (SR)   Coulomb (SR)   Coul. recip.      Potential
    6.65500e+04    2.74929e+05   -2.46301e+06    2.98026e+03   -2.06102e+06
    Kinetic En.   Total Energy    Temperature Pressure (bar)   Constr. rmsd
    3.86984e+05   -1.67403e+06    3.08323e+02    2.90312e+01    2.66645e-05

           Step           Time         Lambda
         125000      250.00000        0.00000

   Energies (kJ/mol)
          Angle    Proper Dih. Ryckaert-Bell.  Improper Dih.          LJ-14
    1.89104e+04    2.73685e+04    9.90263e+01    1.10732e+03    9.61327e+03
     Coulomb-14        LJ (SR)   Coulomb (SR)   Coul. recip.      Potential
    6.61884e+04    2.75302e+05   -2.46152e+06    3.01961e+03   -2.05991e+06
    Kinetic En.   Total Energy    Temperature Pressure (bar)   Constr. rmsd
    3.90386e+05   -1.66952e+06    3.11033e+02    1.04390e+02    2.76436e-05

           Step           Time         Lambda
         130000      260.00000        0.00000

   Energies (kJ/mol)
          Angle    Proper Dih. Ryckaert-Bell.  Improper Dih.          LJ-14
    1.89729e+04    2.72396e+04    9.10914e+01    1.01684e+03    9.48031e+03
     Coulomb-14        LJ (SR)   Coulomb (SR)   Coul. recip.      Potential
    6.60204e+04    2.77321e+05   -2.46591e+06    2.94097e+03   -2.06282e+06
    Kinetic En.   Total Energy    Temperature Pressure (bar)   Constr. rmsd
    3.87551e+05   -1.67527e+06    3.08775e+02    1.36058e+02    2.76989e-05

           Step           Time         Lambda
         135000      270.00000        0.00000

   Energies (kJ/mol)
          Angle    Proper Dih. Ryckaert-Bell.  Improper Dih.          LJ-14
    1.93919e+04    2.75550e+04    9.89744e+01    1.07008e+03    9.36456e+03
     Coulomb-14        LJ (SR)   Coulomb (SR)   Coul. recip.      Potential
    6.59045e+04    2.74880e+05   -2.46097e+06    3.02641e+03   -2.05967e+06
    Kinetic En.   Total Energy    Temperature Pressure (bar)   Constr. rmsd
    3.88072e+05   -1.67160e+06    3.09189e+02    6.21382e+00    2.77415e-05

           Step           Time         Lambda
         140000      280.00000        0.00000

   Energies (kJ/mol)
          Angle    Proper Dih. Ryckaert-Bell.  Improper Dih.          LJ-14
    1.88394e+04    2.74258e+04    9.22662e+01    1.02133e+03    9.54325e+03
     Coulomb-14        LJ (SR)   Coulomb (SR)   Coul. recip.      Potential
    6.61054e+04    2.73611e+05   -2.46091e+06    2.87842e+03   -2.06140e+06
    Kinetic En.   Total Energy    Temperature Pressure (bar)   Constr. rmsd
    3.87507e+05   -1.67389e+06    3.08739e+02   -1.86651e+01    2.72209e-05

           Step           Time         Lambda
         145000      290.00000        0.00000

   Energies (kJ/mol)
          Angle    Proper Dih. Ryckaert-Bell.  Improper Dih.          LJ-14
    1.88206e+04    2.72207e+04    9.42335e+01    1.06229e+03    9.50321e+03
     Coulomb-14        LJ (SR)   Coulomb (SR)   Coul. recip.      Potential
    6.61132e+04    2.74213e+05   -2.45922e+06    3.00499e+03   -2.05919e+06
    Kinetic En.   Total Energy    Temperature Pressure (bar)   Constr. rmsd
    3.89285e+05   -1.66990e+06    3.10156e+02   -4.36291e+01    2.77798e-05

           Step           Time         Lambda
         150000      300.00000        0.00000

   Energies (kJ/mol)
          Angle    Proper Dih. Ryckaert-Bell.  Improper Dih.          LJ-14
    1.91492e+04    2.71693e+04    1.13059e+02    1.04846e+03    9.46055e+03
     Coulomb-14        LJ (SR)   Coulomb (SR)   Coul. recip.      Potential
    6.63924e+04    2.74350e+05   -2.46089e+06    2.89134e+03   -2.06032e+06
    Kinetic En.   Total Energy    Temperature Pressure (bar)   Constr. rmsd
    3.89507e+05   -1.67081e+06    3.10333e+02   -4.16238e+01    2.80416e-05

           Step           Time         Lambda
         155000      310.00000        0.00000

   Energies (kJ/mol)
          Angle    Proper Dih. Ryckaert-Bell.  Improper Dih.          LJ-14
    1.91072e+04    2.74385e+04    1.05142e+02    1.03466e+03    9.52832e+03
     Coulomb-14        LJ (SR)   Coulomb (SR)   Coul. recip.      Potential
    6.60565e+04    2.72514e+05   -2.45940e+06    2.99256e+03   -2.06062e+06
    Kinetic En.   Total Energy    Temperature Pressure (bar)   Constr. rmsd
    3.88363e+05   -1.67226e+06    3.09421e+02   -5.74817e+01    2.77239e-05

           Step           Time         Lambda
         160000      320.00000        0.00000

   Energies (kJ/mol)
          Angle    Proper Dih. Ryckaert-Bell.  Improper Dih.          LJ-14
    1.88968e+04    2.74594e+04    9.12622e+01    1.04267e+03    9.48909e+03
     Coulomb-14        LJ (SR)   Coulomb (SR)   Coul. recip.      Potential
    6.63759e+04    2.74354e+05   -2.46181e+06    2.91124e+03   -2.06119e+06
    Kinetic En.   Total Energy    Temperature Pressure (bar)   Constr. rmsd
    3.91440e+05   -1.66975e+06    3.11873e+02   -6.80995e-01    2.85040e-05

           Step           Time         Lambda
         165000      330.00000        0.00000

   Energies (kJ/mol)
          Angle    Proper Dih. Ryckaert-Bell.  Improper Dih.          LJ-14
    1.84176e+04    2.72923e+04    8.93382e+01    1.05115e+03    9.64906e+03
     Coulomb-14        LJ (SR)   Coulomb (SR)   Coul. recip.      Potential
    6.62917e+04    2.75644e+05   -2.46428e+06    2.92473e+03   -2.06292e+06
    Kinetic En.   Total Energy    Temperature Pressure (bar)   Constr. rmsd
    3.87916e+05   -1.67500e+06    3.09065e+02    8.48454e+01    2.67933e-05

           Step           Time         Lambda
         170000      340.00000        0.00000

   Energies (kJ/mol)
          Angle    Proper Dih. Ryckaert-Bell.  Improper Dih.          LJ-14
    1.90048e+04    2.70247e+04    9.71654e+01    1.01106e+03    9.55496e+03
     Coulomb-14        LJ (SR)   Coulomb (SR)   Coul. recip.      Potential
    6.60809e+04    2.70849e+05   -2.45520e+06    2.85455e+03   -2.05872e+06
    Kinetic En.   Total Energy    Temperature Pressure (bar)   Constr. rmsd
    3.89946e+05   -1.66878e+06    3.10683e+02   -1.41321e+02    2.84232e-05

           Step           Time         Lambda
         175000      350.00000        0.00000

   Energies (kJ/mol)
          Angle    Proper Dih. Ryckaert-Bell.  Improper Dih.          LJ-14
    1.88580e+04    2.73485e+04    9.23378e+01    1.08203e+03    9.47443e+03
     Coulomb-14        LJ (SR)   Coulomb (SR)   Coul. recip.      Potential
    6.56321e+04    2.73508e+05   -2.45768e+06    2.92733e+03   -2.05876e+06
    Kinetic En.   Total Energy    Temperature Pressure (bar)   Constr. rmsd
    3.88982e+05   -1.66978e+06    3.09915e+02   -6.06512e+01    2.86377e-05

           Step           Time         Lambda
         180000      360.00000        0.00000

   Energies (kJ/mol)
          Angle    Proper Dih. Ryckaert-Bell.  Improper Dih.          LJ-14
    1.92618e+04    2.72226e+04    9.02798e+01    1.02581e+03    9.52451e+03
     Coulomb-14        LJ (SR)   Coulomb (SR)   Coul. recip.      Potential
    6.58918e+04    2.77287e+05   -2.46322e+06    2.98013e+03   -2.05993e+06
    Kinetic En.   Total Energy    Temperature Pressure (bar)   Constr. rmsd
    3.88691e+05   -1.67124e+06    3.09682e+02    9.30543e+01    2.80004e-05

           Step           Time         Lambda
         185000      370.00000        0.00000

   Energies (kJ/mol)
          Angle    Proper Dih. Ryckaert-Bell.  Improper Dih.          LJ-14
    1.88797e+04    2.73326e+04    9.34906e+01    1.01902e+03    9.53411e+03
     Coulomb-14        LJ (SR)   Coulomb (SR)   Coul. recip.      Potential
    6.62185e+04    2.73958e+05   -2.46060e+06    2.94406e+03   -2.06063e+06
    Kinetic En.   Total Energy    Temperature Pressure (bar)   Constr. rmsd
    3.87375e+05   -1.67325e+06    3.08635e+02    3.33314e+01    2.73243e-05

           Step           Time         Lambda
         190000      380.00000        0.00000

   Energies (kJ/mol)
          Angle    Proper Dih. Ryckaert-Bell.  Improper Dih.          LJ-14
    1.88115e+04    2.74066e+04    8.82287e+01    1.07892e+03    9.60782e+03
     Coulomb-14        LJ (SR)   Coulomb (SR)   Coul. recip.      Potential
    6.61591e+04    2.76417e+05   -2.46442e+06    2.99463e+03   -2.06186e+06
    Kinetic En.   Total Energy    Temperature Pressure (bar)   Constr. rmsd
    3.90253e+05   -1.67161e+06    3.10927e+02    9.18933e+01    2.80059e-05

           Step           Time         Lambda
         195000      390.00000        0.00000

   Energies (kJ/mol)
          Angle    Proper Dih. Ryckaert-Bell.  Improper Dih.          LJ-14
    1.90716e+04    2.70512e+04    8.61338e+01    1.06360e+03    9.44554e+03
     Coulomb-14        LJ (SR)   Coulomb (SR)   Coul. recip.      Potential
    6.59856e+04    2.75656e+05   -2.46610e+06    2.86531e+03   -2.06488e+06
    Kinetic En.   Total Energy    Temperature Pressure (bar)   Constr. rmsd
    3.87780e+05   -1.67710e+06    3.08957e+02   -3.61219e+01    2.77481e-05

Writing checkpoint, step 195760 at Fri Aug  7 04:12:10 2020


           Step           Time         Lambda
         200000      400.00000        0.00000

   Energies (kJ/mol)
          Angle    Proper Dih. Ryckaert-Bell.  Improper Dih.          LJ-14
    1.91579e+04    2.73170e+04    9.16978e+01    9.93107e+02    9.49514e+03
     Coulomb-14        LJ (SR)   Coulomb (SR)   Coul. recip.      Potential
    6.58296e+04    2.74270e+05   -2.46249e+06    2.97198e+03   -2.06236e+06
    Kinetic En.   Total Energy    Temperature Pressure (bar)   Constr. rmsd
    3.88988e+05   -1.67337e+06    3.09919e+02   -1.80276e+01    2.89681e-05

           Step           Time         Lambda
         205000      410.00000        0.00000

   Energies (kJ/mol)
          Angle    Proper Dih. Ryckaert-Bell.  Improper Dih.          LJ-14
    1.91686e+04    2.71998e+04    1.04281e+02    1.02226e+03    9.45679e+03
     Coulomb-14        LJ (SR)   Coulomb (SR)   Coul. recip.      Potential
    6.61115e+04    2.73365e+05   -2.45980e+06    2.94095e+03   -2.06043e+06
    Kinetic En.   Total Energy    Temperature Pressure (bar)   Constr. rmsd
    3.89040e+05   -1.67139e+06    3.09961e+02   -1.11872e+01    2.79880e-05

           Step           Time         Lambda
         210000      420.00000        0.00000

   Energies (kJ/mol)
          Angle    Proper Dih. Ryckaert-Bell.  Improper Dih.          LJ-14
    1.89815e+04    2.70945e+04    1.01615e+02    1.00948e+03    9.41668e+03
     Coulomb-14        LJ (SR)   Coulomb (SR)   Coul. recip.      Potential
    6.59920e+04    2.73006e+05   -2.45851e+06    2.90175e+03   -2.06000e+06
    Kinetic En.   Total Energy    Temperature Pressure (bar)   Constr. rmsd
    3.89480e+05   -1.67052e+06    3.10311e+02   -1.08415e+02    2.92199e-05

           Step           Time         Lambda
         215000      430.00000        0.00000

   Energies (kJ/mol)
          Angle    Proper Dih. Ryckaert-Bell.  Improper Dih.          LJ-14
    1.85084e+04    2.73119e+04    9.51910e+01    1.07390e+03    9.46973e+03
     Coulomb-14        LJ (SR)   Coulomb (SR)   Coul. recip.      Potential
    6.60622e+04    2.76354e+05   -2.46234e+06    2.99898e+03   -2.06047e+06
    Kinetic En.   Total Energy    Temperature Pressure (bar)   Constr. rmsd
    3.87562e+05   -1.67291e+06    3.08784e+02    6.83020e+01    2.76954e-05

           Step           Time         Lambda
         220000      440.00000        0.00000

   Energies (kJ/mol)
          Angle    Proper Dih. Ryckaert-Bell.  Improper Dih.          LJ-14
    1.91514e+04    2.72422e+04    8.34350e+01    1.04772e+03    9.50504e+03
     Coulomb-14        LJ (SR)   Coulomb (SR)   Coul. recip.      Potential
    6.61996e+04    2.76438e+05   -2.46445e+06    2.99083e+03   -2.06179e+06
    Kinetic En.   Total Energy    Temperature Pressure (bar)   Constr. rmsd
    3.88360e+05   -1.67343e+06    3.09419e+02    7.65990e+01    2.73666e-05

           Step           Time         Lambda
         225000      450.00000        0.00000

   Energies (kJ/mol)
          Angle    Proper Dih. Ryckaert-Bell.  Improper Dih.          LJ-14
    1.91571e+04    2.73341e+04    1.09863e+02    1.02127e+03    9.51856e+03
     Coulomb-14        LJ (SR)   Coulomb (SR)   Coul. recip.      Potential
    6.62084e+04    2.74408e+05   -2.45872e+06    2.99785e+03   -2.05796e+06
    Kinetic En.   Total Energy    Temperature Pressure (bar)   Constr. rmsd
    3.90638e+05   -1.66733e+06    3.11234e+02   -1.38957e+01    2.87593e-05

           Step           Time         Lambda
         230000      460.00000        0.00000

   Energies (kJ/mol)
          Angle    Proper Dih. Ryckaert-Bell.  Improper Dih.          LJ-14
    1.88628e+04    2.71386e+04    8.64497e+01    1.02504e+03    9.76082e+03
     Coulomb-14        LJ (SR)   Coulomb (SR)   Coul. recip.      Potential
    6.61455e+04    2.75525e+05   -2.46188e+06    2.92653e+03   -2.06041e+06
    Kinetic En.   Total Energy    Temperature Pressure (bar)   Constr. rmsd
    3.91443e+05   -1.66897e+06    3.11875e+02    1.44570e+02    2.64632e-05

           Step           Time         Lambda
         235000      470.00000        0.00000

   Energies (kJ/mol)
          Angle    Proper Dih. Ryckaert-Bell.  Improper Dih.          LJ-14
    1.94793e+04    2.72580e+04    8.37922e+01    1.00951e+03    9.42090e+03
     Coulomb-14        LJ (SR)   Coulomb (SR)   Coul. recip.      Potential
    6.59120e+04    2.74503e+05   -2.45978e+06    2.90678e+03   -2.05921e+06
    Kinetic En.   Total Energy    Temperature Pressure (bar)   Constr. rmsd
    3.89826e+05   -1.66939e+06    3.10587e+02   -7.60637e+01    2.93223e-05

           Step           Time         Lambda
         240000      480.00000        0.00000

   Energies (kJ/mol)
          Angle    Proper Dih. Ryckaert-Bell.  Improper Dih.          LJ-14
    1.90276e+04    2.72238e+04    8.71686e+01    1.01102e+03    9.42694e+03
     Coulomb-14        LJ (SR)   Coulomb (SR)   Coul. recip.      Potential
    6.58686e+04    2.72938e+05   -2.46011e+06    2.97380e+03   -2.06155e+06
    Kinetic En.   Total Energy    Temperature Pressure (bar)   Constr. rmsd
    3.88368e+05   -1.67319e+06    3.09426e+02   -4.88870e+01    2.82677e-05

           Step           Time         Lambda
         245000      490.00000        0.00000

   Energies (kJ/mol)
          Angle    Proper Dih. Ryckaert-Bell.  Improper Dih.          LJ-14
    1.87347e+04    2.73888e+04    9.35943e+01    1.02884e+03    9.50277e+03
     Coulomb-14        LJ (SR)   Coulomb (SR)   Coul. recip.      Potential
    6.64346e+04    2.72824e+05   -2.45874e+06    2.95149e+03   -2.05978e+06
    Kinetic En.   Total Energy    Temperature Pressure (bar)   Constr. rmsd
    3.88738e+05   -1.67104e+06    3.09720e+02   -5.29595e+01    2.70699e-05

           Step           Time         Lambda
         250000      500.00000        0.00000

   Energies (kJ/mol)
          Angle    Proper Dih. Ryckaert-Bell.  Improper Dih.          LJ-14
    1.90360e+04    2.72762e+04    1.03249e+02    1.01601e+03    9.52197e+03
     Coulomb-14        LJ (SR)   Coulomb (SR)   Coul. recip.      Potential
    6.62587e+04    2.76479e+05   -2.46277e+06    2.93785e+03   -2.06014e+06
    Kinetic En.   Total Energy    Temperature Pressure (bar)   Constr. rmsd
    3.88151e+05   -1.67199e+06    3.09253e+02    7.89097e+01    2.74189e-05

           Step           Time         Lambda
         255000      510.00000        0.00000

   Energies (kJ/mol)
          Angle    Proper Dih. Ryckaert-Bell.  Improper Dih.          LJ-14
    1.89781e+04    2.73745e+04    8.96655e+01    1.10902e+03    9.52605e+03
     Coulomb-14        LJ (SR)   Coulomb (SR)   Coul. recip.      Potential
    6.61589e+04    2.73380e+05   -2.45719e+06    2.96709e+03   -2.05761e+06
    Kinetic En.   Total Energy    Temperature Pressure (bar)   Constr. rmsd
    3.89571e+05   -1.66803e+06    3.10384e+02   -3.68724e+01    2.81027e-05

           Step           Time         Lambda
         260000      520.00000        0.00000

   Energies (kJ/mol)
          Angle    Proper Dih. Ryckaert-Bell.  Improper Dih.          LJ-14
    1.88777e+04    2.73679e+04    8.46214e+01    1.04804e+03    9.62182e+03
     Coulomb-14        LJ (SR)   Coulomb (SR)   Coul. recip.      Potential
    6.61094e+04    2.72134e+05   -2.45717e+06    2.98803e+03   -2.05894e+06
    Kinetic En.   Total Energy    Temperature Pressure (bar)   Constr. rmsd
    3.87012e+05   -1.67192e+06    3.08345e+02   -4.12100e+01    2.70229e-05

           Step           Time         Lambda
         265000      530.00000        0.00000

   Energies (kJ/mol)
          Angle    Proper Dih. Ryckaert-Bell.  Improper Dih.          LJ-14
    1.89297e+04    2.73118e+04    8.80248e+01    1.07151e+03    9.54051e+03
     Coulomb-14        LJ (SR)   Coulomb (SR)   Coul. recip.      Potential
    6.60538e+04    2.75817e+05   -2.46320e+06    2.96593e+03   -2.06143e+06
    Kinetic En.   Total Energy    Temperature Pressure (bar)   Constr. rmsd
    3.89178e+05   -1.67225e+06    3.10071e+02    2.96622e+01    2.82088e-05

           Step           Time         Lambda
         270000      540.00000        0.00000

   Energies (kJ/mol)
          Angle    Proper Dih. Ryckaert-Bell.  Improper Dih.          LJ-14
    1.87982e+04    2.72684e+04    9.05060e+01    9.79685e+02    9.38083e+03
     Coulomb-14        LJ (SR)   Coulomb (SR)   Coul. recip.      Potential
    6.61043e+04    2.74464e+05   -2.46333e+06    2.97392e+03   -2.06327e+06
    Kinetic En.   Total Energy    Temperature Pressure (bar)   Constr. rmsd
    3.87904e+05   -1.67537e+06    3.09056e+02   -3.79593e+01    2.91339e-05

           Step           Time         Lambda
         275000      550.00000        0.00000

   Energies (kJ/mol)
          Angle    Proper Dih. Ryckaert-Bell.  Improper Dih.          LJ-14
    1.92958e+04    2.71874e+04    8.71305e+01    1.01469e+03    9.54706e+03
     Coulomb-14        LJ (SR)   Coulomb (SR)   Coul. recip.      Potential
    6.63368e+04    2.77044e+05   -2.46538e+06    2.93309e+03   -2.06193e+06
    Kinetic En.   Total Energy    Temperature Pressure (bar)   Constr. rmsd
    3.90009e+05   -1.67192e+06    3.10733e+02    5.80916e+01    2.87368e-05

           Step           Time         Lambda
         280000      560.00000        0.00000

   Energies (kJ/mol)
          Angle    Proper Dih. Ryckaert-Bell.  Improper Dih.          LJ-14
    1.92164e+04    2.73343e+04    8.93086e+01    1.04457e+03    9.48869e+03
     Coulomb-14        LJ (SR)   Coulomb (SR)   Coul. recip.      Potential
    6.60327e+04    2.76860e+05   -2.46314e+06    2.89602e+03   -2.06018e+06
    Kinetic En.   Total Energy    Temperature Pressure (bar)   Constr. rmsd
    3.89410e+05   -1.67077e+06    3.10255e+02    8.82074e+01    2.75633e-05

           Step           Time         Lambda
         285000      570.00000        0.00000

   Energies (kJ/mol)
          Angle    Proper Dih. Ryckaert-Bell.  Improper Dih.          LJ-14
    1.91448e+04    2.71958e+04    8.91831e+01    1.04370e+03    9.50963e+03
     Coulomb-14        LJ (SR)   Coulomb (SR)   Coul. recip.      Potential
    6.59619e+04    2.76667e+05   -2.46385e+06    2.97944e+03   -2.06125e+06
    Kinetic En.   Total Energy    Temperature Pressure (bar)   Constr. rmsd
    3.89996e+05   -1.67126e+06    3.10723e+02    6.57872e+01    2.82018e-05

           Step           Time         Lambda
         290000      580.00000        0.00000

   Energies (kJ/mol)
          Angle    Proper Dih. Ryckaert-Bell.  Improper Dih.          LJ-14
    1.90979e+04    2.73856e+04    9.36072e+01    1.07780e+03    9.45917e+03
     Coulomb-14        LJ (SR)   Coulomb (SR)   Coul. recip.      Potential
    6.59971e+04    2.73689e+05   -2.45943e+06    2.83362e+03   -2.05980e+06
    Kinetic En.   Total Energy    Temperature Pressure (bar)   Constr. rmsd
    3.88949e+05   -1.67085e+06    3.09888e+02   -5.35061e+01    2.90419e-05

           Step           Time         Lambda
         295000      590.00000        0.00000

   Energies (kJ/mol)
          Angle    Proper Dih. Ryckaert-Bell.  Improper Dih.          LJ-14
    1.92650e+04    2.73116e+04    8.74517e+01    1.02744e+03    9.42133e+03
     Coulomb-14        LJ (SR)   Coulomb (SR)   Coul. recip.      Potential
    6.62417e+04    2.75911e+05   -2.46283e+06    2.93937e+03   -2.06063e+06
    Kinetic En.   Total Energy    Temperature Pressure (bar)   Constr. rmsd
    3.88057e+05   -1.67257e+06    3.09177e+02    3.99804e+01    2.80103e-05

           Step           Time         Lambda
         300000      600.00000        0.00000

   Energies (kJ/mol)
          Angle    Proper Dih. Ryckaert-Bell.  Improper Dih.          LJ-14
    1.88583e+04    2.72404e+04    8.86467e+01    1.13468e+03    9.54843e+03
     Coulomb-14        LJ (SR)   Coulomb (SR)   Coul. recip.      Potential
    6.60914e+04    2.74151e+05   -2.45911e+06    2.90848e+03   -2.05909e+06
    Kinetic En.   Total Energy    Temperature Pressure (bar)   Constr. rmsd
    3.89559e+05   -1.66953e+06    3.10374e+02   -6.13488e+00    2.75001e-05

           Step           Time         Lambda
         305000      610.00000        0.00000

   Energies (kJ/mol)
          Angle    Proper Dih. Ryckaert-Bell.  Improper Dih.          LJ-14
    1.88396e+04    2.73253e+04    9.58910e+01    1.08656e+03    9.55772e+03
     Coulomb-14        LJ (SR)   Coulomb (SR)   Coul. recip.      Potential
    6.59185e+04    2.72465e+05   -2.45875e+06    3.01824e+03   -2.06045e+06
    Kinetic En.   Total Energy    Temperature Pressure (bar)   Constr. rmsd
    3.88173e+05   -1.67227e+06    3.09270e+02   -3.42113e+01    2.80349e-05

           Step           Time         Lambda
         310000      620.00000        0.00000

   Energies (kJ/mol)
          Angle    Proper Dih. Ryckaert-Bell.  Improper Dih.          LJ-14
    1.84240e+04    2.71354e+04    9.77979e+01    1.01202e+03    9.58540e+03
     Coulomb-14        LJ (SR)   Coulomb (SR)   Coul. recip.      Potential
    6.62841e+04    2.73679e+05   -2.46344e+06    2.89844e+03   -2.06432e+06
    Kinetic En.   Total Energy    Temperature Pressure (bar)   Constr. rmsd
    3.87374e+05   -1.67695e+06    3.08633e+02   -8.50032e+01    2.73442e-05

           Step           Time         Lambda
         315000      630.00000        0.00000

   Energies (kJ/mol)
          Angle    Proper Dih. Ryckaert-Bell.  Improper Dih.          LJ-14
    1.90281e+04    2.72340e+04    9.36301e+01    1.02194e+03    9.48674e+03
     Coulomb-14        LJ (SR)   Coulomb (SR)   Coul. recip.      Potential
    6.60695e+04    2.72753e+05   -2.45736e+06    2.90831e+03   -2.05876e+06
    Kinetic En.   Total Energy    Temperature Pressure (bar)   Constr. rmsd
    3.86712e+05   -1.67205e+06    3.08106e+02   -4.20608e+01    2.77683e-05

           Step           Time         Lambda
         320000      640.00000        0.00000

   Energies (kJ/mol)
          Angle    Proper Dih. Ryckaert-Bell.  Improper Dih.          LJ-14
    1.89968e+04    2.73802e+04    8.17254e+01    1.06964e+03    9.55376e+03
     Coulomb-14        LJ (SR)   Coulomb (SR)   Coul. recip.      Potential
    6.61740e+04    2.76081e+05   -2.46289e+06    2.91665e+03   -2.06064e+06
    Kinetic En.   Total Energy    Temperature Pressure (bar)   Constr. rmsd
    3.88091e+05   -1.67255e+06    3.09205e+02    6.49481e+01    2.72405e-05

           Step           Time         Lambda
         325000      650.00000        0.00000

   Energies (kJ/mol)
          Angle    Proper Dih. Ryckaert-Bell.  Improper Dih.          LJ-14
    1.87770e+04    2.73742e+04    1.06413e+02    9.83257e+02    9.51191e+03
     Coulomb-14        LJ (SR)   Coulomb (SR)   Coul. recip.      Potential
    6.65236e+04    2.73699e+05   -2.46045e+06    2.96287e+03   -2.06051e+06
    Kinetic En.   Total Energy    Temperature Pressure (bar)   Constr. rmsd
    3.87316e+05   -1.67319e+06    3.08587e+02   -1.05980e+02    2.77945e-05

           Step           Time         Lambda
         330000      660.00000        0.00000

   Energies (kJ/mol)
          Angle    Proper Dih. Ryckaert-Bell.  Improper Dih.          LJ-14
    1.89247e+04    2.70908e+04    9.02473e+01    1.01212e+03    9.57237e+03
     Coulomb-14        LJ (SR)   Coulomb (SR)   Coul. recip.      Potential
    6.61567e+04    2.74834e+05   -2.46351e+06    2.95883e+03   -2.06287e+06
    Kinetic En.   Total Energy    Temperature Pressure (bar)   Constr. rmsd
    3.89190e+05   -1.67368e+06    3.10080e+02    7.61096e+01    2.67053e-05

           Step           Time         Lambda
         335000      670.00000        0.00000

   Energies (kJ/mol)
          Angle    Proper Dih. Ryckaert-Bell.  Improper Dih.          LJ-14
    1.89222e+04    2.73915e+04    9.65877e+01    1.05299e+03    9.49227e+03
     Coulomb-14        LJ (SR)   Coulomb (SR)   Coul. recip.      Potential
    6.60333e+04    2.75315e+05   -2.46196e+06    3.03498e+03   -2.06062e+06
    Kinetic En.   Total Energy    Temperature Pressure (bar)   Constr. rmsd
    3.88227e+05   -1.67239e+06    3.09313e+02    8.03680e+01    2.70027e-05

           Step           Time         Lambda
         340000      680.00000        0.00000

   Energies (kJ/mol)
          Angle    Proper Dih. Ryckaert-Bell.  Improper Dih.          LJ-14
    1.92141e+04    2.72098e+04    1.09710e+02    1.06341e+03    9.44620e+03
     Coulomb-14        LJ (SR)   Coulomb (SR)   Coul. recip.      Potential
    6.59544e+04    2.75710e+05   -2.46161e+06    2.88497e+03   -2.06002e+06
    Kinetic En.   Total Energy    Temperature Pressure (bar)   Constr. rmsd
    3.88905e+05   -1.67111e+06    3.09853e+02    3.87901e+01    2.89221e-05

           Step           Time         Lambda
         345000      690.00000        0.00000

   Energies (kJ/mol)
          Angle    Proper Dih. Ryckaert-Bell.  Improper Dih.          LJ-14
    1.91432e+04    2.75622e+04    1.01248e+02    1.07289e+03    9.47807e+03
     Coulomb-14        LJ (SR)   Coulomb (SR)   Coul. recip.      Potential
    6.60473e+04    2.75107e+05   -2.46170e+06    2.91156e+03   -2.06028e+06
    Kinetic En.   Total Energy    Temperature Pressure (bar)   Constr. rmsd
    3.88812e+05   -1.67146e+06    3.09779e+02    5.66020e+01    2.77980e-05

           Step           Time         Lambda
         350000      700.00000        0.00000

   Energies (kJ/mol)
          Angle    Proper Dih. Ryckaert-Bell.  Improper Dih.          LJ-14
    1.86682e+04    2.73189e+04    9.66733e+01    1.07113e+03    9.54985e+03
     Coulomb-14        LJ (SR)   Coulomb (SR)   Coul. recip.      Potential
    6.60873e+04    2.73594e+05   -2.46133e+06    3.00394e+03   -2.06194e+06
    Kinetic En.   Total Energy    Temperature Pressure (bar)   Constr. rmsd
    3.87382e+05   -1.67456e+06    3.08640e+02   -6.41307e+01    2.73299e-05

           Step           Time         Lambda
         355000      710.00000        0.00000

   Energies (kJ/mol)
          Angle    Proper Dih. Ryckaert-Bell.  Improper Dih.          LJ-14
    1.89065e+04    2.73767e+04    9.91495e+01    1.02439e+03    9.51352e+03
     Coulomb-14        LJ (SR)   Coulomb (SR)   Coul. recip.      Potential
    6.61855e+04    2.77411e+05   -2.46561e+06    2.87181e+03   -2.06222e+06
    Kinetic En.   Total Energy    Temperature Pressure (bar)   Constr. rmsd
    3.88688e+05   -1.67353e+06    3.09681e+02    1.04633e+02    2.74309e-05

           Step           Time         Lambda
         360000      720.00000        0.00000

   Energies (kJ/mol)
          Angle    Proper Dih. Ryckaert-Bell.  Improper Dih.          LJ-14
    1.89141e+04    2.71494e+04    1.11250e+02    9.83952e+02    9.49718e+03
     Coulomb-14        LJ (SR)   Coulomb (SR)   Coul. recip.      Potential
    6.62022e+04    2.74048e+05   -2.46094e+06    2.87095e+03   -2.06116e+06
    Kinetic En.   Total Energy    Temperature Pressure (bar)   Constr. rmsd
    3.88962e+05   -1.67220e+06    3.09899e+02   -4.94744e+01    2.79542e-05

           Step           Time         Lambda
         365000      730.00000        0.00000

   Energies (kJ/mol)
          Angle    Proper Dih. Ryckaert-Bell.  Improper Dih.          LJ-14
    1.93384e+04    2.73813e+04    8.19600e+01    1.00126e+03    9.57791e+03
     Coulomb-14        LJ (SR)   Coulomb (SR)   Coul. recip.      Potential
    6.60585e+04    2.76495e+05   -2.46117e+06    2.94193e+03   -2.05830e+06
    Kinetic En.   Total Energy    Temperature Pressure (bar)   Constr. rmsd
    3.89559e+05   -1.66874e+06    3.10375e+02    1.22486e+02    2.73707e-05

           Step           Time         Lambda
         370000      740.00000        0.00000

   Energies (kJ/mol)
          Angle    Proper Dih. Ryckaert-Bell.  Improper Dih.          LJ-14
    1.92931e+04    2.72404e+04    1.06131e+02    1.02635e+03    9.56986e+03
     Coulomb-14        LJ (SR)   Coulomb (SR)   Coul. recip.      Potential
    6.60939e+04    2.74620e+05   -2.46068e+06    3.02048e+03   -2.05971e+06
    Kinetic En.   Total Energy    Temperature Pressure (bar)   Constr. rmsd
    3.89213e+05   -1.67050e+06    3.10099e+02   -3.46327e+01    2.81777e-05

           Step           Time         Lambda
         375000      750.00000        0.00000

   Energies (kJ/mol)
          Angle    Proper Dih. Ryckaert-Bell.  Improper Dih.          LJ-14
    1.90737e+04    2.73891e+04    1.07785e+02    9.78633e+02    9.49292e+03
     Coulomb-14        LJ (SR)   Coulomb (SR)   Coul. recip.      Potential
    6.61931e+04    2.74041e+05   -2.45888e+06    2.90903e+03   -2.05869e+06
    Kinetic En.   Total Energy    Temperature Pressure (bar)   Constr. rmsd
    3.89373e+05   -1.66932e+06    3.10226e+02    2.53604e+00    2.84430e-05

           Step           Time         Lambda
         380000      760.00000        0.00000

   Energies (kJ/mol)
          Angle    Proper Dih. Ryckaert-Bell.  Improper Dih.          LJ-14
    1.90050e+04    2.73412e+04    9.58577e+01    1.11809e+03    9.48398e+03
     Coulomb-14        LJ (SR)   Coulomb (SR)   Coul. recip.      Potential
    6.62820e+04    2.74615e+05   -2.46157e+06    2.94216e+03   -2.06069e+06
    Kinetic En.   Total Energy    Temperature Pressure (bar)   Constr. rmsd
    3.88784e+05   -1.67191e+06    3.09757e+02    5.30616e+01    2.71085e-05

           Step           Time         Lambda
         385000      770.00000        0.00000

   Energies (kJ/mol)
          Angle    Proper Dih. Ryckaert-Bell.  Improper Dih.          LJ-14
    1.93483e+04    2.72696e+04    9.71201e+01    1.01897e+03    9.50212e+03
     Coulomb-14        LJ (SR)   Coulomb (SR)   Coul. recip.      Potential
    6.59574e+04    2.76508e+05   -2.46168e+06    2.89029e+03   -2.05909e+06
    Kinetic En.   Total Energy    Temperature Pressure (bar)   Constr. rmsd
    3.88982e+05   -1.67011e+06    3.09914e+02    5.83703e+01    2.85749e-05

           Step           Time         Lambda
         390000      780.00000        0.00000

   Energies (kJ/mol)
          Angle    Proper Dih. Ryckaert-Bell.  Improper Dih.          LJ-14
    1.89296e+04    2.72979e+04    9.02230e+01    1.02634e+03    9.48440e+03
     Coulomb-14        LJ (SR)   Coulomb (SR)   Coul. recip.      Potential
    6.63061e+04    2.72978e+05   -2.46186e+06    2.97356e+03   -2.06277e+06
    Kinetic En.   Total Energy    Temperature Pressure (bar)   Constr. rmsd
    3.89412e+05   -1.67336e+06    3.10257e+02   -1.14094e+02    2.80758e-05

Writing checkpoint, step 391600 at Fri Aug  7 04:27:10 2020


           Step           Time         Lambda
         395000      790.00000        0.00000

   Energies (kJ/mol)
          Angle    Proper Dih. Ryckaert-Bell.  Improper Dih.          LJ-14
    1.89865e+04    2.71547e+04    9.08717e+01    1.03255e+03    9.59413e+03
     Coulomb-14        LJ (SR)   Coulomb (SR)   Coul. recip.      Potential
    6.62951e+04    2.72026e+05   -2.46061e+06    2.92610e+03   -2.06250e+06
    Kinetic En.   Total Energy    Temperature Pressure (bar)   Constr. rmsd
    3.90198e+05   -1.67230e+06    3.10883e+02   -8.04638e+01    2.74486e-05

           Step           Time         Lambda
         400000      800.00000        0.00000

   Energies (kJ/mol)
          Angle    Proper Dih. Ryckaert-Bell.  Improper Dih.          LJ-14
    1.89245e+04    2.73401e+04    9.61792e+01    9.90127e+02    9.59349e+03
     Coulomb-14        LJ (SR)   Coulomb (SR)   Coul. recip.      Potential
    6.61261e+04    2.73367e+05   -2.46243e+06    2.87165e+03   -2.06312e+06
    Kinetic En.   Total Energy    Temperature Pressure (bar)   Constr. rmsd
    3.89342e+05   -1.67378e+06    3.10201e+02   -6.10728e+01    2.77245e-05

           Step           Time         Lambda
         405000      810.00000        0.00000

   Energies (kJ/mol)
          Angle    Proper Dih. Ryckaert-Bell.  Improper Dih.          LJ-14
    1.90892e+04    2.71125e+04    8.19054e+01    1.01218e+03    9.48594e+03
     Coulomb-14        LJ (SR)   Coulomb (SR)   Coul. recip.      Potential
    6.58081e+04    2.74253e+05   -2.46131e+06    2.97597e+03   -2.06149e+06
    Kinetic En.   Total Energy    Temperature Pressure (bar)   Constr. rmsd
    3.89335e+05   -1.67215e+06    3.10196e+02   -4.65327e+01    2.85886e-05

           Step           Time         Lambda
         410000      820.00000        0.00000

   Energies (kJ/mol)
          Angle    Proper Dih. Ryckaert-Bell.  Improper Dih.          LJ-14
    1.88507e+04    2.72031e+04    9.68587e+01    1.01691e+03    9.61547e+03
     Coulomb-14        LJ (SR)   Coulomb (SR)   Coul. recip.      Potential
    6.57714e+04    2.75542e+05   -2.46228e+06    2.89580e+03   -2.06128e+06
    Kinetic En.   Total Energy    Temperature Pressure (bar)   Constr. rmsd
    3.88357e+05   -1.67293e+06    3.09416e+02    8.05987e+01    2.63924e-05

           Step           Time         Lambda
         415000      830.00000        0.00000

   Energies (kJ/mol)
          Angle    Proper Dih. Ryckaert-Bell.  Improper Dih.          LJ-14
    1.88847e+04    2.73999e+04    9.71137e+01    1.05454e+03    9.53398e+03
     Coulomb-14        LJ (SR)   Coulomb (SR)   Coul. recip.      Potential
    6.61831e+04    2.77693e+05   -2.46542e+06    2.97195e+03   -2.06160e+06
    Kinetic En.   Total Energy    Temperature Pressure (bar)   Constr. rmsd
    3.88729e+05   -1.67287e+06    3.09713e+02    1.10687e+02    2.70967e-05

           Step           Time         Lambda
         420000      840.00000        0.00000

   Energies (kJ/mol)
          Angle    Proper Dih. Ryckaert-Bell.  Improper Dih.          LJ-14
    1.90812e+04    2.71681e+04    9.31519e+01    1.04766e+03    9.50059e+03
     Coulomb-14        LJ (SR)   Coulomb (SR)   Coul. recip.      Potential
    6.60249e+04    2.75398e+05   -2.46371e+06    2.80303e+03   -2.06259e+06
    Kinetic En.   Total Energy    Temperature Pressure (bar)   Constr. rmsd
    3.89473e+05   -1.67312e+06    3.10306e+02    5.03480e+01    2.77407e-05

           Step           Time         Lambda
         425000      850.00000        0.00000

   Energies (kJ/mol)
          Angle    Proper Dih. Ryckaert-Bell.  Improper Dih.          LJ-14
    1.91257e+04    2.73246e+04    8.29678e+01    1.06390e+03    9.50166e+03
     Coulomb-14        LJ (SR)   Coulomb (SR)   Coul. recip.      Potential
    6.59048e+04    2.71342e+05   -2.45658e+06    2.87471e+03   -2.05936e+06
    Kinetic En.   Total Energy    Temperature Pressure (bar)   Constr. rmsd
    3.89375e+05   -1.66998e+06    3.10228e+02   -1.08895e+02    2.89981e-05

           Step           Time         Lambda
         430000      860.00000        0.00000

   Energies (kJ/mol)
          Angle    Proper Dih. Ryckaert-Bell.  Improper Dih.          LJ-14
    1.93723e+04    2.72099e+04    8.37814e+01    1.15919e+03    9.45013e+03
     Coulomb-14        LJ (SR)   Coulomb (SR)   Coul. recip.      Potential
    6.60108e+04    2.74056e+05   -2.46070e+06    2.88705e+03   -2.06047e+06
    Kinetic En.   Total Energy    Temperature Pressure (bar)   Constr. rmsd
    3.88244e+05   -1.67223e+06    3.09327e+02   -3.32382e+01    2.76504e-05

           Step           Time         Lambda
         435000      870.00000        0.00000

   Energies (kJ/mol)
          Angle    Proper Dih. Ryckaert-Bell.  Improper Dih.          LJ-14
    1.87560e+04    2.72010e+04    1.01955e+02    1.07528e+03    9.57525e+03
     Coulomb-14        LJ (SR)   Coulomb (SR)   Coul. recip.      Potential
    6.60621e+04    2.74843e+05   -2.46289e+06    2.93495e+03   -2.06234e+06
    Kinetic En.   Total Energy    Temperature Pressure (bar)   Constr. rmsd
    3.90124e+05   -1.67222e+06    3.10825e+02    5.20271e+01    2.72593e-05

           Step           Time         Lambda
         440000      880.00000        0.00000

   Energies (kJ/mol)
          Angle    Proper Dih. Ryckaert-Bell.  Improper Dih.          LJ-14
    1.88487e+04    2.71111e+04    1.00669e+02    1.05320e+03    9.55401e+03
     Coulomb-14        LJ (SR)   Coulomb (SR)   Coul. recip.      Potential
    6.59998e+04    2.74226e+05   -2.46106e+06    2.97148e+03   -2.06120e+06
    Kinetic En.   Total Energy    Temperature Pressure (bar)   Constr. rmsd
    3.89016e+05   -1.67218e+06    3.09942e+02   -1.87883e+01    2.73788e-05

           Step           Time         Lambda
         445000      890.00000        0.00000

   Energies (kJ/mol)
          Angle    Proper Dih. Ryckaert-Bell.  Improper Dih.          LJ-14
    1.90520e+04    2.72044e+04    8.02898e+01    1.01435e+03    9.45618e+03
     Coulomb-14        LJ (SR)   Coulomb (SR)   Coul. recip.      Potential
    6.57918e+04    2.74442e+05   -2.46134e+06    2.97748e+03   -2.06132e+06
    Kinetic En.   Total Energy    Temperature Pressure (bar)   Constr. rmsd
    3.89358e+05   -1.67196e+06    3.10214e+02   -4.99042e+01    2.89354e-05

           Step           Time         Lambda
         450000      900.00000        0.00000

   Energies (kJ/mol)
          Angle    Proper Dih. Ryckaert-Bell.  Improper Dih.          LJ-14
    1.90187e+04    2.73299e+04    9.71024e+01    1.02712e+03    9.56136e+03
     Coulomb-14        LJ (SR)   Coulomb (SR)   Coul. recip.      Potential
    6.58872e+04    2.72232e+05   -2.45794e+06    2.95770e+03   -2.05983e+06
    Kinetic En.   Total Energy    Temperature Pressure (bar)   Constr. rmsd
    3.89678e+05   -1.67016e+06    3.10469e+02   -1.10794e+02    2.76309e-05

           Step           Time         Lambda
         455000      910.00000        0.00000

   Energies (kJ/mol)
          Angle    Proper Dih. Ryckaert-Bell.  Improper Dih.          LJ-14
    1.93377e+04    2.73049e+04    9.18443e+01    1.00779e+03    9.52448e+03
     Coulomb-14        LJ (SR)   Coulomb (SR)   Coul. recip.      Potential
    6.58653e+04    2.74553e+05   -2.46099e+06    2.98794e+03   -2.06032e+06
    Kinetic En.   Total Energy    Temperature Pressure (bar)   Constr. rmsd
    3.90978e+05   -1.66934e+06    3.11505e+02    5.05326e+01    2.72234e-05

           Step           Time         Lambda
         460000      920.00000        0.00000

   Energies (kJ/mol)
          Angle    Proper Dih. Ryckaert-Bell.  Improper Dih.          LJ-14
    1.88673e+04    2.73743e+04    1.00507e+02    1.10372e+03    9.39798e+03
     Coulomb-14        LJ (SR)   Coulomb (SR)   Coul. recip.      Potential
    6.58005e+04    2.73033e+05   -2.45953e+06    3.07008e+03   -2.06078e+06
    Kinetic En.   Total Energy    Temperature Pressure (bar)   Constr. rmsd
    3.89398e+05   -1.67138e+06    3.10246e+02   -1.66781e+02    2.89893e-05

           Step           Time         Lambda
         465000      930.00000        0.00000

   Energies (kJ/mol)
          Angle    Proper Dih. Ryckaert-Bell.  Improper Dih.          LJ-14
    1.91602e+04    2.73338e+04    9.54071e+01    1.06481e+03    9.46132e+03
     Coulomb-14        LJ (SR)   Coulomb (SR)   Coul. recip.      Potential
    6.57821e+04    2.74416e+05   -2.45920e+06    2.97004e+03   -2.05892e+06
    Kinetic En.   Total Energy    Temperature Pressure (bar)   Constr. rmsd
    3.89442e+05   -1.66947e+06    3.10282e+02   -4.16141e+01    2.86529e-05

           Step           Time         Lambda
         470000      940.00000        0.00000

   Energies (kJ/mol)
          Angle    Proper Dih. Ryckaert-Bell.  Improper Dih.          LJ-14
    1.86886e+04    2.69758e+04    9.76409e+01    9.44085e+02    9.47738e+03
     Coulomb-14        LJ (SR)   Coulomb (SR)   Coul. recip.      Potential
    6.64079e+04    2.74417e+05   -2.45884e+06    2.89501e+03   -2.05893e+06
    Kinetic En.   Total Energy    Temperature Pressure (bar)   Constr. rmsd
    3.89177e+05   -1.66976e+06    3.10070e+02   -7.64726e-01    2.79953e-05

           Step           Time         Lambda
         475000      950.00000        0.00000

   Energies (kJ/mol)
          Angle    Proper Dih. Ryckaert-Bell.  Improper Dih.          LJ-14
    1.93878e+04    2.73481e+04    9.66308e+01    1.08852e+03    9.37591e+03
     Coulomb-14        LJ (SR)   Coulomb (SR)   Coul. recip.      Potential
    6.58638e+04    2.72505e+05   -2.45697e+06    2.91515e+03   -2.05839e+06
    Kinetic En.   Total Energy    Temperature Pressure (bar)   Constr. rmsd
    3.89058e+05   -1.66933e+06    3.09975e+02   -8.60491e+01    2.80525e-05

           Step           Time         Lambda
         480000      960.00000        0.00000

   Energies (kJ/mol)
          Angle    Proper Dih. Ryckaert-Bell.  Improper Dih.          LJ-14
    1.86206e+04    2.72841e+04    9.41195e+01    1.01557e+03    9.51418e+03
     Coulomb-14        LJ (SR)   Coulomb (SR)   Coul. recip.      Potential
    6.59591e+04    2.75458e+05   -2.46073e+06    2.94829e+03   -2.05983e+06
    Kinetic En.   Total Energy    Temperature Pressure (bar)   Constr. rmsd
    3.89158e+05   -1.67067e+06    3.10055e+02    1.70645e+01    2.81074e-05

           Step           Time         Lambda
         485000      970.00000        0.00000

   Energies (kJ/mol)
          Angle    Proper Dih. Ryckaert-Bell.  Improper Dih.          LJ-14
    1.87893e+04    2.72270e+04    8.82145e+01    1.08001e+03    9.57903e+03
     Coulomb-14        LJ (SR)   Coulomb (SR)   Coul. recip.      Potential
    6.57785e+04    2.73310e+05   -2.45738e+06    2.87197e+03   -2.05866e+06
    Kinetic En.   Total Energy    Temperature Pressure (bar)   Constr. rmsd
    3.87496e+05   -1.67116e+06    3.08730e+02   -2.31829e+01    2.72437e-05

           Step           Time         Lambda
         490000      980.00000        0.00000

   Energies (kJ/mol)
          Angle    Proper Dih. Ryckaert-Bell.  Improper Dih.          LJ-14
    1.88011e+04    2.72947e+04    1.08658e+02    9.56656e+02    9.48965e+03
     Coulomb-14        LJ (SR)   Coulomb (SR)   Coul. recip.      Potential
    6.62376e+04    2.74019e+05   -2.46117e+06    2.94882e+03   -2.06131e+06
    Kinetic En.   Total Energy    Temperature Pressure (bar)   Constr. rmsd
    3.88298e+05   -1.67302e+06    3.09369e+02   -6.31763e+01    2.78166e-05

           Step           Time         Lambda
         495000      990.00000        0.00000

   Energies (kJ/mol)
          Angle    Proper Dih. Ryckaert-Bell.  Improper Dih.          LJ-14
    1.91666e+04    2.72046e+04    9.16923e+01    9.85354e+02    9.51227e+03
     Coulomb-14        LJ (SR)   Coulomb (SR)   Coul. recip.      Potential
    6.59576e+04    2.71562e+05   -2.45684e+06    2.90900e+03   -2.05945e+06
    Kinetic En.   Total Energy    Temperature Pressure (bar)   Constr. rmsd
    3.87212e+05   -1.67224e+06    3.08504e+02   -1.08140e+02    2.83424e-05

           Step           Time         Lambda
         500000     1000.00000        0.00000

Writing checkpoint, step 500000 at Fri Aug  7 04:35:30 2020


   Energies (kJ/mol)
          Angle    Proper Dih. Ryckaert-Bell.  Improper Dih.          LJ-14
    1.90509e+04    2.73488e+04    9.87227e+01    1.05547e+03    9.64639e+03
     Coulomb-14        LJ (SR)   Coulomb (SR)   Coul. recip.      Potential
    6.61454e+04    2.74419e+05   -2.46089e+06    2.84553e+03   -2.06028e+06
    Kinetic En.   Total Energy    Temperature Pressure (bar)   Constr. rmsd
    3.90057e+05   -1.67023e+06    3.10771e+02    3.72931e+01    2.68420e-05

	<======  ###############  ==>
	<====  A V E R A G E S  ====>
	<==  ###############  ======>

	Statistics over 500001 steps using 5001 frames

   Energies (kJ/mol)
          Angle    Proper Dih. Ryckaert-Bell.  Improper Dih.          LJ-14
    1.90617e+04    2.73417e+04    9.49522e+01    1.04705e+03    9.51154e+03
     Coulomb-14        LJ (SR)   Coulomb (SR)   Coul. recip.      Potential
    6.61400e+04    2.74640e+05   -2.46104e+06    2.93881e+03   -2.06026e+06
    Kinetic En.   Total Energy    Temperature Pressure (bar)   Constr. rmsd
    3.89119e+05   -1.67114e+06    3.10024e+02    8.81787e-01    0.00000e+00

          Box-X          Box-Y          Box-Z
    1.29616e+01    1.29616e+01    9.16522e+00

   Total Virial (kJ/mol)
    1.29553e+05    1.03444e+02    2.08776e+01
    1.05756e+02    1.29732e+05   -2.72628e+01
    2.23067e+01   -2.77412e+01    1.29717e+05

   Pressure (bar)
    9.07262e-01    6.02516e-01   -1.07205e-01
    5.52671e-01    8.00636e-01    7.25268e-01
   -1.38015e-01    7.35548e-01    9.37462e-01

  Epot (kJ/mol)        Coul-SR          LJ-SR        Coul-14          LJ-14   
Protein_DNA_SAM-Protein_DNA_SAM   -2.46104e+06    2.74640e+05    6.61400e+04    9.51154e+03
Protein_DNA_SAM-Water_and_ions    0.00000e+00    0.00000e+00    0.00000e+00    0.00000e+00
Water_and_ions-Water_and_ions    0.00000e+00    0.00000e+00    0.00000e+00    0.00000e+00

T-Protein_DNA_SAMT-Water_and_ions
    3.10059e+02    3.10022e+02


       P P   -   P M E   L O A D   B A L A N C I N G

 PP/PME load balancing changed the cut-off and PME settings:
           particle-particle                    PME
            rcoulomb  rlist            grid      spacing   1/beta
   initial  1.200 nm  1.283 nm     108 108 108   0.120 nm  0.384 nm
   final    1.620 nm  1.703 nm      80  80  80   0.162 nm  0.519 nm
 cost-ratio           2.34             0.41
 (note that these numbers concern only part of the total PP and PME load)


	M E G A - F L O P S   A C C O U N T I N G

 NB=Group-cutoff nonbonded kernels    NxN=N-by-N cluster Verlet kernels
 RF=Reaction-Field  VdW=Van der Waals  QSTab=quadratic-spline table
 W3=SPC/TIP3p  W4=TIP4p (single or pairs)
 V&F=Potential and force  V=Potential only  F=Force only

 Computing:                               M-Number         M-Flops  % Flops
-----------------------------------------------------------------------------
 Pair Search distance check          383369.335840     3450324.023     0.0
 NxN Ewald Elec. + LJ [F]         166656349.070528 12999195227.501    97.3
 NxN Ewald Elec. + LJ [V&F]         1683698.649280   217197125.757     1.6
 1,4 nonbonded interactions           11437.522875     1029377.059     0.0
 Calc Weights                        226336.952673     8148130.296     0.1
 Spread Q Bspline                   4828521.657024     9657043.314     0.1
 Gather F Bspline                   4828521.657024    28971129.942     0.2
 3D-FFT                             9719502.830402    77756022.643     0.6
 Solve PME                             3201.488640      204895.273     0.0
 Shift-X                               1886.288391       11317.730     0.0
 Angles                                8003.516007     1344590.689     0.0
 Propers                              13872.527745     3176808.854     0.0
 Impropers                              880.001760      183040.366     0.0
 RB-Dihedrals                            62.500125       15437.531     0.0
 Virial                                7546.950936      135845.117     0.0
 Stop-CM                                754.605891        7546.059     0.0
 Calc-Ekin                            15089.401782      407413.848     0.0
 Lincs                                 4425.008850      265500.531     0.0
 Lincs-Mat                            96042.192084      384168.768     0.0
 Constraint-V                         79803.159606      638425.277     0.0
 Constraint-Vir                        7537.950756      180910.818     0.0
 Settle                               23651.047302     7639288.279     0.1
-----------------------------------------------------------------------------
 Total                                             13359999569.675   100.0
-----------------------------------------------------------------------------


     R E A L   C Y C L E   A N D   T I M E   A C C O U N T I N G

On 1 MPI rank, each using 20 OpenMP threads

 Computing:          Num   Num      Call    Wall time         Giga-Cycles
                     Ranks Threads  Count      (s)         total sum    %
-----------------------------------------------------------------------------
 Neighbor search        1   20      12501      89.696       4305.415   3.9
 Launch GPU ops.        1   20     500001      41.829       2007.769   1.8
 Force                  1   20     500001     468.300      22478.317  20.4
 PME mesh               1   20     500001     889.351      42688.721  38.7
 Wait GPU local         1   20     500001      24.974       1198.734   1.1
 NB X/F buffer ops.     1   20     987501      70.486       3383.295   3.1
 Write traj.            1   20        103       1.396         67.030   0.1
 Update                 1   20     500001     168.251       8076.028   7.3
 Constraints            1   20     500001     284.115      13637.477  12.4
 Rest                                         262.106      12581.028  11.4
-----------------------------------------------------------------------------
 Total                                       2300.504     110423.814 100.0
-----------------------------------------------------------------------------
 Breakdown of PME mesh computation
-----------------------------------------------------------------------------
 PME spread/gather      1   20    1000002     648.656      31135.392  28.2
 PME 3D-FFT             1   20    1000002     210.470      10102.511   9.1
 PME solve Elec         1   20     500001      27.894       1338.921   1.2
-----------------------------------------------------------------------------

 GPU timings
-----------------------------------------------------------------------------
 Computing:                         Count  Wall t (s)      ms/step       %
-----------------------------------------------------------------------------
 Pair list H2D                      12501      12.203        0.976     0.9
 X / q H2D                         500001     107.965        0.216     8.3
 Nonbonded F kernel                485000    1060.656        2.187    81.4
 Nonbonded F+ene k.                  2500      10.128        4.051     0.8
 Nonbonded F+prune k.               10000      24.400        2.440     1.9
 Nonbonded F+ene+prune k.            2501      11.374        4.548     0.9
 F D2H                             500001      76.333        0.153     5.9
-----------------------------------------------------------------------------
 Total                                       1303.059        2.606   100.0
-----------------------------------------------------------------------------

Force evaluation time GPU/CPU: 2.606 ms/2.715 ms = 0.960
For optimal performance this ratio should be close to 1!

               Core t (s)   Wall t (s)        (%)
       Time:    45936.477     2300.504     1996.8
                         38:20
                 (ns/day)    (hour/ns)
Performance:       37.557        0.639
Finished mdrun on rank 0 Fri Aug  7 04:35:30 2020
